c:\users\степан\desktop\программирование\виселица\x64\release\vc142.pdb
c:\users\степан\desktop\программирование\виселица\x64\release\виселица.obj
c:\users\степан\desktop\программирование\виселица\x64\release\start.obj
c:\users\степан\desktop\программирование\виселица\x64\release\rules.obj
c:\users\степан\desktop\программирование\виселица\x64\release\game.obj
c:\users\степан\desktop\программирование\виселица\x64\release\finish.obj
c:\users\степан\desktop\программирование\виселица\x64\release\filtr.obj
c:\users\степан\desktop\программирование\виселица\x64\release\drawing.obj
c:\users\степан\desktop\программирование\виселица\x64\release\chosing.obj
c:\users\степан\desktop\программирование\виселица\x64\release\виселица.exe
c:\users\степан\desktop\программирование\виселица\x64\release\виселица.pdb
c:\users\степан\desktop\программирование\виселица\x64\release\виселица.ipdb
c:\users\степан\desktop\программирование\виселица\x64\release\виселица.iobj
c:\users\степан\desktop\программирование\виселица\x64\release\виселица.tlog\cl.command.1.tlog
c:\users\степан\desktop\программирование\виселица\x64\release\виселица.tlog\cl.read.1.tlog
c:\users\степан\desktop\программирование\виселица\x64\release\виселица.tlog\cl.write.1.tlog
c:\users\степан\desktop\программирование\виселица\x64\release\виселица.tlog\link.command.1.tlog
c:\users\степан\desktop\программирование\виселица\x64\release\виселица.tlog\link.read.1.tlog
c:\users\степан\desktop\программирование\виселица\x64\release\виселица.tlog\link.write.1.tlog
c:\users\степан\desktop\программирование\виселица\x64\release\виселица.tlog\виселица.write.1u.tlog
